1640223182.551332 client started (1798148): version 3.0a, socket /tmp/tmux-1000/default, protocol 8
1640223182.551365 on Linux 5.11.0-41-generic #45~20.04.1-Ubuntu SMP Wed Nov 10 10:20:10 UTC 2021; libevent 2.1.11-stable (poll)
1640223182.551383 socket is /tmp/tmux-1000/default
1640223182.551395 trying connect
1640223182.551412 connect failed: Connection refused
1640223182.551421 lock file is /tmp/tmux-1000/default.lock
1640223182.551450 flock succeeded
1640223182.551456 got lock (6)
1640223182.551463 trying connect
1640223182.551471 connect failed: Connection refused
1640223182.551709 add peer 0x561b133e7110: 7 ((nil))
1640223182.551858 sending message 100 to peer 0x561b133e7110 (4 bytes)
1640223182.551866 sending message 101 to peer 0x561b133e7110 (15 bytes)
1640223182.551871 sending message 102 to peer 0x561b133e7110 (11 bytes)
1640223182.551876 sending message 108 to peer 0x561b133e7110 (23 bytes)
1640223182.551881 sending message 104 to peer 0x561b133e7110 (0 bytes)
1640223182.551886 sending message 107 to peer 0x561b133e7110 (4 bytes)
1640223182.551891 sending message 105 to peer 0x561b133e7110 (16 bytes)
1640223182.551895 sending message 105 to peer 0x561b133e7110 (86 bytes)
1640223182.551901 sending message 105 to peer 0x561b133e7110 (19 bytes)
1640223182.551906 sending message 105 to peer 0x561b133e7110 (20 bytes)
1640223182.551911 sending message 105 to peer 0x561b133e7110 (45 bytes)
1640223182.551926 sending message 105 to peer 0x561b133e7110 (59 bytes)
1640223182.551934 sending message 105 to peer 0x561b133e7110 (23 bytes)
1640223182.551939 sending message 105 to peer 0x561b133e7110 (44 bytes)
1640223182.551944 sending message 105 to peer 0x561b133e7110 (18 bytes)
1640223182.551949 sending message 105 to peer 0x561b133e7110 (54 bytes)
1640223182.551954 sending message 105 to peer 0x561b133e7110 (32 bytes)
1640223182.551959 sending message 105 to peer 0x561b133e7110 (41 bytes)
1640223182.551963 sending message 105 to peer 0x561b133e7110 (20 bytes)
1640223182.551968 sending message 105 to peer 0x561b133e7110 (23 bytes)
1640223182.551973 sending message 105 to peer 0x561b133e7110 (19 bytes)
1640223182.551978 sending message 105 to peer 0x561b133e7110 (12 bytes)
1640223182.551983 sending message 105 to peer 0x561b133e7110 (28 bytes)
1640223182.551988 sending message 105 to peer 0x561b133e7110 (27 bytes)
1640223182.551992 sending message 105 to peer 0x561b133e7110 (12 bytes)
1640223182.551997 sending message 105 to peer 0x561b133e7110 (27 bytes)
1640223182.552001 sending message 105 to peer 0x561b133e7110 (21 bytes)
1640223182.552006 sending message 105 to peer 0x561b133e7110 (52 bytes)
1640223182.552011 sending message 105 to peer 0x561b133e7110 (41 bytes)
1640223182.552016 sending message 105 to peer 0x561b133e7110 (23 bytes)
1640223182.552031 sending message 105 to peer 0x561b133e7110 (61 bytes)
1640223182.552036 sending message 105 to peer 0x561b133e7110 (33 bytes)
1640223182.552041 sending message 105 to peer 0x561b133e7110 (13 bytes)
1640223182.552046 sending message 105 to peer 0x561b133e7110 (75 bytes)
1640223182.552051 sending message 105 to peer 0x561b133e7110 (15 bytes)
1640223182.552056 sending message 105 to peer 0x561b133e7110 (13 bytes)
1640223182.552060 sending message 105 to peer 0x561b133e7110 (18 bytes)
1640223182.552065 sending message 105 to peer 0x561b133e7110 (17 bytes)
1640223182.552070 sending message 105 to peer 0x561b133e7110 (1506 bytes)
1640223182.552078 sending message 105 to peer 0x561b133e7110 (33 bytes)
1640223182.552082 sending message 105 to peer 0x561b133e7110 (17 bytes)
1640223182.552087 sending message 105 to peer 0x561b133e7110 (30 bytes)
1640223182.552092 sending message 105 to peer 0x561b133e7110 (86 bytes)
1640223182.552097 sending message 105 to peer 0x561b133e7110 (42 bytes)
1640223182.552102 sending message 105 to peer 0x561b133e7110 (47 bytes)
1640223182.552107 sending message 105 to peer 0x561b133e7110 (16 bytes)
1640223182.552111 sending message 105 to peer 0x561b133e7110 (24 bytes)
1640223182.552116 sending message 105 to peer 0x561b133e7110 (23 bytes)
1640223182.552120 sending message 105 to peer 0x561b133e7110 (35 bytes)
1640223182.552135 sending message 105 to peer 0x561b133e7110 (13 bytes)
1640223182.552141 sending message 105 to peer 0x561b133e7110 (24 bytes)
1640223182.552145 sending message 105 to peer 0x561b133e7110 (34 bytes)
1640223182.552150 sending message 105 to peer 0x561b133e7110 (23 bytes)
1640223182.552155 sending message 105 to peer 0x561b133e7110 (20 bytes)
1640223182.552160 sending message 105 to peer 0x561b133e7110 (51 bytes)
1640223182.552164 sending message 105 to peer 0x561b133e7110 (32 bytes)
1640223182.552169 sending message 105 to peer 0x561b133e7110 (9 bytes)
1640223182.552174 sending message 105 to peer 0x561b133e7110 (31 bytes)
1640223182.552178 sending message 105 to peer 0x561b133e7110 (20 bytes)
1640223182.552183 sending message 105 to peer 0x561b133e7110 (12 bytes)
1640223182.552187 sending message 105 to peer 0x561b133e7110 (44 bytes)
1640223182.552192 sending message 105 to peer 0x561b133e7110 (11 bytes)
1640223182.552196 sending message 105 to peer 0x561b133e7110 (8 bytes)
1640223182.552201 sending message 105 to peer 0x561b133e7110 (14 bytes)
1640223182.552205 sending message 105 to peer 0x561b133e7110 (16 bytes)
1640223182.552210 sending message 105 to peer 0x561b133e7110 (7 bytes)
1640223182.552215 sending message 105 to peer 0x561b133e7110 (18 bytes)
1640223182.552220 sending message 105 to peer 0x561b133e7110 (31 bytes)
1640223182.552225 sending message 105 to peer 0x561b133e7110 (32 bytes)
1640223182.552229 sending message 105 to peer 0x561b133e7110 (23 bytes)
1640223182.552234 sending message 105 to peer 0x561b133e7110 (78 bytes)
1640223182.552239 sending message 105 to peer 0x561b133e7110 (85 bytes)
1640223182.552244 sending message 105 to peer 0x561b133e7110 (286 bytes)
1640223182.552248 sending message 105 to peer 0x561b133e7110 (50 bytes)
1640223182.552253 sending message 105 to peer 0x561b133e7110 (18 bytes)
1640223182.552258 sending message 105 to peer 0x561b133e7110 (54 bytes)
1640223182.552263 sending message 105 to peer 0x561b133e7110 (50 bytes)
1640223182.552267 sending message 105 to peer 0x561b133e7110 (17 bytes)
1640223182.552272 sending message 105 to peer 0x561b133e7110 (16 bytes)
1640223182.552277 sending message 106 to peer 0x561b133e7110 (0 bytes)
1640223182.552282 sending message 200 to peer 0x561b133e7110 (4 bytes)
1640223182.552287 client loop enter
1640223182.728469 peer 0x561b133e7110 message 207
1640223182.728480 sending message 208 to peer 0x561b133e7110 (0 bytes)
1640223184.864081 peer 0x561b133e7110 message 203
1640223184.864114 sending message 205 to peer 0x561b133e7110 (0 bytes)
1640223184.864415 peer 0x561b133e7110 message 204
1640223184.864429 client loop exit
